<?xml version="1.0" encoding="UTF-8"?>
<testng-results skipped="0" failed="0" total="2" passed="2">
  <reporter-output>
  </reporter-output>
  <suite name="Default suite" duration-ms="45" started-at="2017-01-31T06:09:29Z" finished-at="2017-01-31T06:09:29Z">
    <groups>
    </groups>
    <test name="Default test" duration-ms="45" started-at="2017-01-31T06:09:29Z" finished-at="2017-01-31T06:09:29Z">
      <class name="CollectionsTest.CollectionsTest">
        <test-method status="PASS" signature="elementNotDuplicatedAndNotInOrderTest()[pri:0, instance:CollectionsTest.CollectionsTest@2c789c2]" name="elementNotDuplicatedAndNotInOrderTest" duration-ms="16" started-at="2017-01-30T22:09:29Z" finished-at="2017-01-30T22:09:29Z">
          <reporter-output>
          </reporter-output>
        </test-method> <!-- elementNotDuplicatedAndNotInOrderTest -->
        <test-method status="PASS" signature="elementsConnectedInOrderTest()[pri:0, instance:CollectionsTest.CollectionsTest@2c789c2]" name="elementsConnectedInOrderTest" duration-ms="5" started-at="2017-01-30T22:09:29Z" finished-at="2017-01-30T22:09:29Z">
          <reporter-output>
          </reporter-output>
        </test-method> <!-- elementsConnectedInOrderTest -->
      </class> <!-- CollectionsTest.CollectionsTest -->
    </test> <!-- Default test -->
  </suite> <!-- Default suite -->
</testng-results>
